{
  "profileName": "InfoSeedBotProd",
  "jobId": "02801558-bccc-46ff-af02-95a6e5cdba45",
  "projectId": "87824.63298756778",
  "time": "2022-03-23T13:45:14.153Z",
  "log": [
    "Creating Azure resources...",
    "Checking the Existence of the Resource Group ...",
    "Creating Resource Group ...",
    "> Creating App Registration ...",
    "Start to add password for App, Id : c50d46fe-423c-4e2c-a670-69bb188098ee",
    "> Create App Registration Success! ID: c50d46fe-423c-4e2c-a670-69bb188098ee",
    "Deploying Web App Resource ...",
    "Deploying Bot Resource ...",
    "Deploying Cosmos DB Resource ...",
    "Deploying Application Insights Resource ...",
    "> Linking Application Insights settings to Bot Service ...",
    "> AppInsights AppId: c66a6bbf-7fee-43ec-9079-8c46709347f3 ...",
    "> AppInsights InstrumentationKey: 6e517480-47ae-49e9-9189-a0356ffafa34 ...",
    "> AppInsights ApiKey: zm2wcw8q4ugbwjhkdeyzqdu80o26ucqpg8i3mxx8 ...",
    "> Linking Application Insights settings to Bot Service Success!",
    "Deploying Blob Storage Resource ...",
    "Provisioning completed successfully!"
  ]
}
