{
  "profileName": "VehicleBot",
  "jobId": "d3c4af0e-b4a5-439c-a83c-d2d5e17840c9",
  "projectId": "20629.462492904295",
  "time": "2022-04-20T08:43:50.943Z",
  "log": [
    "Creating Azure resources...",
    "Checking the Existence of the Resource Group ...",
    "Use the Resource Group: InfoSeedVehicleBotProdRG at westeurope",
    "> Creating App Registration ...",
    "Start to add password for App, Id : 465125a9-72bd-4362-a134-dcef3e38d933",
    "> Create App Registration Success! ID: 465125a9-72bd-4362-a134-dcef3e38d933",
    "Deploying Web App Resource ...",
    "Deploying Bot Resource ...",
    "Deploying Luis Authoring Resource ...",
    "Deploying Luis Resource ...",
    "Deploying QnA Resource ...",
    "{\"stack\":\"Error: The subscription is not registered to use namespace 'Microsoft.Search'. See https://aka.ms/rps-not-found for how to register subscriptions.\\n    at new RestError2 (D:\\\\comp\\\\extensions\\\\azurePublish\\\\dist\\\\extension.js:265048:26)\\n    at D:\\\\comp\\\\extensions\\\\azurePublish\\\\dist\\\\extension.js:265956:27\\n    at runMicrotasks (<anonymous>)\\n    at processTicksAndRejections (internal/process/task_queues.js:95:5)\\n    at async AzureResourceMananger.deployQnAReource (D:\\\\comp\\\\extensions\\\\azurePublish\\\\dist\\\\extension.js:270737:41)\\n    at async BotProjectProvision.create (D:\\\\comp\\\\extensions\\\\azurePublish\\\\dist\\\\extension.js:271591:36)\\n    at async AzurePublisher.asyncProvision (D:\\\\comp\\\\extensions\\\\azurePublish\\\\dist\\\\extension.js:271995:34)\",\"message\":\"The subscription is not registered to use namespace 'Microsoft.Search'. See https://aka.ms/rps-not-found for how to register subscriptions.\",\"code\":\"MissingSubscriptionRegistration\",\"statusCode\":409,\"request\":{\"body\":\"{\\\"location\\\":\\\"westus\\\",\\\"properties\\\":{\\\"replicaCount\\\":1,\\\"partitionCount\\\":1,\\\"hostingMode\\\":\\\"default\\\"},\\\"sku\\\":{\\\"name\\\":\\\"standard\\\"}}\"},\"response\":{\"body\":\"{\\\"error\\\":{\\\"code\\\":\\\"MissingSubscriptionRegistration\\\",\\\"message\\\":\\\"The subscription is not registered to use namespace 'Microsoft.Search'. See https://aka.ms/rps-not-found for how to register subscriptions.\\\",\\\"details\\\":[{\\\"code\\\":\\\"MissingSubscriptionRegistration\\\",\\\"target\\\":\\\"Microsoft.Search\\\",\\\"message\\\":\\\"The subscription is not registered to use namespace 'Microsoft.Search'. See https://aka.ms/rps-not-found for how to register subscriptions.\\\"}]}}\"},\"body\":{\"message\":\"The subscription is not registered to use namespace 'Microsoft.Search'. See https://aka.ms/rps-not-found for how to register subscriptions.\",\"code\":\"MissingSubscriptionRegistration\"}}",
    "{\"name\":\"CREATE_QNA_ERROR\",\"message\":\"Error - The subscription is not registered to use namespace 'Microsoft.Search'. See https://aka.ms/rps-not-found for how to register subscriptions.\",\"stack\":\"Error\\n    at new CustomizeError (D:\\\\comp\\\\extensions\\\\azurePublish\\\\dist\\\\extension.js:269874:25)\\n    at createCustomizeError (D:\\\\comp\\\\extensions\\\\azurePublish\\\\dist\\\\extension.js:269879:10)\\n    at AzureResourceMananger.deployQnAReource (D:\\\\comp\\\\extensions\\\\azurePublish\\\\dist\\\\extension.js:270887:13)\\n    at runMicrotasks (<anonymous>)\\n    at processTicksAndRejections (internal/process/task_queues.js:95:5)\\n    at async BotProjectProvision.create (D:\\\\comp\\\\extensions\\\\azurePublish\\\\dist\\\\extension.js:271591:36)\\n    at async AzurePublisher.asyncProvision (D:\\\\comp\\\\extensions\\\\azurePublish\\\\dist\\\\extension.js:271995:34)\"}",
    "Provisioning completed 5 items before encountering a problem. {\"name\":\"CREATE_QNA_ERROR\",\"message\":\"Error - The subscription is not registered to use namespace 'Microsoft.Search'. See https://aka.ms/rps-not-found for how to register subscriptions.\",\"stack\":\"Error\\n    at new CustomizeError (D:\\\\comp\\\\extensions\\\\azurePublish\\\\dist\\\\extension.js:269874:25)\\n    at createCustomizeError (D:\\\\comp\\\\extensions\\\\azurePublish\\\\dist\\\\extension.js:269879:10)\\n    at AzureResourceMananger.deployQnAReource (D:\\\\comp\\\\extensions\\\\azurePublish\\\\dist\\\\extension.js:270887:13)\\n    at runMicrotasks (<anonymous>)\\n    at processTicksAndRejections (internal/process/task_queues.js:95:5)\\n    at async BotProjectProvision.create (D:\\\\comp\\\\extensions\\\\azurePublish\\\\dist\\\\extension.js:271591:36)\\n    at async AzurePublisher.asyncProvision (D:\\\\comp\\\\extensions\\\\azurePublish\\\\dist\\\\extension.js:271995:34)\"}. See provision.VehicleBot.log in your bot folder"
  ]
}
